
$GFDTA,     7.2,98,3.0,16380,2019/01/22 16:04:58, CH4AB-1047,1*40

$GFCMD,""*67

$GFCER*55

$GFDTA,     7.2,98,3.0,16380,2019/01/22 16:05:00, CH4AB-1047,1*4C

$GFCMD,"D,""*67"*24

$GFCER*55

$GFDTA,     7.2,98,3.0,16380,2019/01/22 16:05:01, CH4AB-1047,1*4D

$GFCMD,"*67"*24"*42

$GFCER*55

$GFDTA,     7.2,98,3.0,16380,2019/01/22 16:05:03, CH4AB-1047,1*4F

$GFCMD,"*24"*42"*45

$GFCER*55

$GFDTA,     7.2,98,3.0,16380,2019/01/22 16:05:05, CH4AB-1047,1*49

$GFCMD,"*42"*45"*42

$GFCER*55

$GFDTA,     7.2,98,3.0,16380,2019/01/22 16:05:06, CH4AB-1047,1*4A

$GFCMD,"*45"*42"*42

$GFCER*55

$GFDTA,     7.2,98,3.0,16380,2019/01/22 16:05:08, CH4AB-1047,1*44

$GFCMD,"*42"*42"*45

$GFCER*55

$GFDBG,  38.2, 678, 9879, 98, 0, 1390,  0.00, 0, 2, 0, 101325, 20*71

$GFDTA,     7.3,98,3.0,16380,2019/01/22 16:05:11, CH4AB-1047,1*4D

$GFCMD,"*42"*45"*42

$GFCER*55

$GFDTA,     7.3,98,3.0,16380,2019/01/22 16:05:13, CH4AB-1047,1*4F

$GFCMD,"*45"*42"*42

$GFCER*55

$GFDTA,     7.2,98,3.0,16380,2019/01/22 16:05:14, CH4AB-1047,1*49

$GFCMD,"*42"*42"*45

$GFCER*55

$GFDTA,     7.3,98,3.0,16380,2019/01/22 16:05:16, CH4AB-1047,1*4A

$GFCMD,"*42"*45"*42

$GFCER*55

$GFDTA,     7.3,98,3.0,16380,2019/01/22 16:05:17, CH4AB-1047,1*4B

$GFCMD,"*45"*42"*42

$GFCER*55

$GFDTA,     7.3,98,3.0,16380,2019/01/22 16:05:19, CH4AB-1047,1*45

$GFCMD,"*42"*42"*45

$GFCER*55

$GFDTA,     7.3,98,3.0,16380,2019/01/22 16:05:21, CH4AB-1047,1*4E

$GFCMD,"*42"*45"*42

$GFCER*55

$GFDTA,     7.2,98,3.0,16380,2019/01/22 16:05:22, CH4AB-1047,1*4C

$GFCMD,"*45"*42"*42

$GFCER*55

$GFDTA,     7.3,98,3.0,16380,2019/01/22 16:05:24, CH4AB-1047,1*4B

$GFCMD,"*42"*42"*45

$GFCER*55

$GFDTA,     7.2,98,3.0,16380,2019/01/22 16:05:25, CH4AB-1047,1*4B

$GFCMD,"*42"*45"*42

$GFCER*55

$GFDTA,     7.2,98,3.0,16380,2019/01/22 16:05:27, CH4AB-1047,1*49

$GFCMD,"*45"*42"*42

$GFCER*55

$GFDTA,     7.3,98,3.0,16380,2019/01/22 16:05:29, CH4AB-1047,1*46

$GFCMD,"*42"*42"*45

$GFCER*55

$GFDTA,     7.2,98,3.0,16380,2019/01/22 16:05:30, CH4AB-1047,1*4F

$GFCMD,"*42"*45"*42

$GFCER*55

$GFDTA,     7.2,98,3.0,16380,2019/01/22 16:05:32, CH4AB-1047,1*4D

$GFCMD,"*45"*42"*42

$GFCER*55

$GFDTA,     7.2,98,3.0,16380,2019/01/22 16:05:34, CH4AB-1047,1*4B

$GFCMD,"*42"*42"*45

$GFCER*55

$GFDTA,     7.2,97,3.0,16380,2019/01/22 16:05:35, CH4AB-1047,1*45

$GFCMD,"*42"*45"*42

$GFCER*55

$GFDTA,     7.2,98,3.0,16380,2019/01/22 16:05:37, CH4AB-1047,1*48

$GFCMD,"*45"*42"*42

$GFCER*55

$GFDTA,     7.2,97,3.0,16380,2019/01/22 16:05:38, CH4AB-1047,1*48

$GFCMD,"*42"*42"*45

$GFCER*55

$GFDTA,     7.2,97,3.0,16380,2019/01/22 16:05:40, CH4AB-1047,1*47

$GFCMD,"*42"*45"*42

$GFCER*55

$GFDTA,     7.2,98,3.0,16380,2019/01/22 16:05:42, CH4AB-1047,1*4A

$GFCMD,"*45"*42"*42

$GFCER*55

$GFDTA,     7.2,97,3.0,16380,2019/01/22 16:05:43, CH4AB-1047,1*44

$GFCMD,"*42"*42"*45

$GFCER*55

$GFDTA,     7.2,97,3.0,16380,2019/01/22 16:05:45, CH4AB-1047,1*42

$GFCMD,"*42"*45"*42

$GFCER*55

$GFDTA,     7.2,97,3.0,16380,2019/01/22 16:05:46, CH4AB-1047,1*41

$GFCMD,"*45"*42"*42

$GFCER*55

$GFDTA,     7.2,97,3.0,16380,2019/01/22 16:05:48, CH4AB-1047,1*4F

$GFCMD,"*42"*42"*45

$GFCER*55

$GFDTA,     7.1,97,3.0,16380,2019/01/22 16:05:50, CH4AB-1047,1*45

$GFCMD,"*42"*45"*42

$GFCER*55

$GFDTA,     7.1,97,3.0,16380,2019/01/22 16:05:51, CH4AB-1047,1*44

$GFCMD,"*45"*42"*42

$GFCER*55

$GFDTA,     7.1,97,3.0,16380,2019/01/22 16:05:53, CH4AB-1047,1*46

$GFCMD,"*42"*42"*45

$GFCER*55

$GFDTA,     7.1,97,3.0,16380,2019/01/22 16:05:55, CH4AB-1047,1*40

$GFCMD,"*42"*45"*42

$GFCER*55

$GFDTA,     7.1,97,3.0,16380,2019/01/22 16:05:56, CH4AB-1047,1*43

$GFCMD,"*45"*42"*42

$GFCER*55

$GFDTA,     7.1,96,3.0,16380,2019/01/22 16:05:58, CH4AB-1047,1*4C

$GFCMD,"*42"*42"*45

$GFCER*55

$GFDTA,     7.1,96,3.0,16380,2019/01/22 16:05:59, CH4AB-1047,1*4D

$GFCMD,"*42"*45"*42

$GFCER*55

$GFDTA,     7.1,96,3.0,16380,2019/01/22 16:06:01, CH4AB-1047,1*43

$GFCMD,"*45"*42"*42

$GFCER*55

$GFDTA,     7.1,96,3.0,16380,2019/01/22 16:06:03, CH4AB-1047,1*41

$GFCMD,"*42"*42"*45

$GFCER*55

$GFDTA,     7.1,96,3.0,16380,2019/01/22 16:06:04, CH4AB-1047,1*46

$GFCMD,"*42"*45"*42

$GFCER*55

$GFDTA,     7.1,96,3.0,16380,2019/01/22 16:06:06, CH4AB-1047,1*44

$GFCMD,"*45"*42"*42

$GFCER*55

$GFDTA,     7.1,96,3.0,16380,2019/01/22 16:06:08, CH4AB-1047,1*4A

$GFCMD,"*42"*42"*45

$GFCER*55

$GFDTA,     7.0,94,3.0,16380,2019/01/22 16:06:09, CH4AB-1047,1*48

$GFCMD,"*42"*45"*42

$GFCER*55

$GFDTA,     7.0,95,3.0,16380,2019/01/22 16:06:11, CH4AB-1047,1*40

$GFCMD,"*45"*42"*42

$GFCER*55

$GFDTA,     7.0,94,3.0,16380,2019/01/22 16:06:12, CH4AB-1047,1*42

$GFCMD,"*42"*42"*45

$GFCER*55

$GFDTA,     7.0,94,3.0,16380,2019/01/22 16:06:14, CH4AB-1047,1*44

$GFCMD,"*42"*45"*42

$GFCER*55

$GFDTA,     7.0,94,3.0,16380,2019/01/22 16:06:16, CH4AB-1047,1*46

$GFCMD,"*45"*42"*42

$GFCER*55

$GFDTA,     7.0,94,3.0,16380,2019/01/22 16:06:17, CH4AB-1047,1*47

$GFCMD,"*42"*42"*45

$GFCER*55

$GFDTA,     6.9,93,3.0,16380,2019/01/22 16:06:19, CH4AB-1047,1*46

$GFCMD,"*42"*45"*42

$GFCER*55

$GFDTA,     6.9,93,3.0,16380,2019/01/22 16:06:20, CH4AB-1047,1*4C

$GFCMD,"*45"*42"*42

$GFCER*55

$GFDTA,     7.0,93,3.0,16380,2019/01/22 16:06:22, CH4AB-1047,1*46

$GFCMD,"*42"*42"*45

$GFCER*55

$GFDTA,     7.0,93,3.0,16380,2019/01/22 16:06:24, CH4AB-1047,1*40

$GFCMD,"*42"*45"*42

$GFCER*55

$GFDTA,     7.0,93,3.0,16380,2019/01/22 16:06:25, CH4AB-1047,1*41

$GFCMD,"*45"*42"*42

$GFCER*55

$GFDTA,     7.0,93,3.0,16380,2019/01/22 16:06:27, CH4AB-1047,1*43

$GFCMD,"*42"*42"*45

$GFCER*55

$GFDTA,     6.9,93,3.0,16380,2019/01/22 16:06:29, CH4AB-1047,1*45

$GFCMD,"*42"*45"*42

$GFCER*55

$GFDTA,     6.9,93,3.0,16380,2019/01/22 16:06:30, CH4AB-1047,1*4D

$GFCMD,"*45"*42"*42

$GFCER*55

$GFDBG,  38.3, 683, 9799, 96, 0, 1390,  0.00, 0, 2, 0, 101325, 20*7B

$GFDTA,     7.1,97,3.0,16380,2019/01/22 16:06:37, CH4AB-1047,5*43

$GFCMD,"*42"*42"*45

$GFCER*55

$GFDTA,     7.1,97,3.0,16380,2019/01/22 16:06:39, CH4AB-1047,5*4D

$GFCMD,"42"*45"*68

$GFCER*55

$GFDTA,     7.0,97,3.0,16380,2019/01/22 16:06:41, CH4AB-1047,5*43

$GFCMD,"*45"*68"*4A

$GFCER*55

$GFDBG,  38.3, 683, 9833, 97, 4, 1390,  0.00, 0, 2, 0, 101325, 20*71

$GFDTA,     7.0,97,3.0,16380,2019/01/22 16:06:44, CH4AB-1047,1*42

$GFCMD,"68"*4A"*14

$GFCER*55

$GFDTA,     7.0,97,3.0,16380,2019/01/22 16:06:45, CH4AB-1047,1*43

$GFCMD,"*4A"*14"*35

$GFCER*55

$GFDTA,     7.0,97,3.0,16380,2019/01/22 16:06:47, CH4AB-1047,1*41

$GFCMD,"*14"*35"*46

$GFCER*55

$GFDTA,     7.0,97,3.0,16380,2019/01/22 16:06:48, CH4AB-1047,1*4E

$GFCMD,"*35"*46"*41

$GFCER*55

$GFDTA,     7.0,97,3.0,16380,2019/01/22 16:06:50, CH4AB-1047,1*47

$GFCMD,"*46"*41"*42

$GFCER*55

$GFDTA,     7.0,97,3.0,16380,2019/01/22 16:06:52, CH4AB-1047,1*45

$GFCMD,"*41"*42"*46

$GFCER*55

$GFDTA,     7.0,97,3.0,16380,2019/01/22 16:06:53, CH4AB-1047,1*44

$GFCMD,"*42"*46"*41

$GFCER*55

$GFDTA,     7.0,97,3.0,16380,2019/01/22 16:06:55, CH4AB-1047,1*42

$GFCMD,"*46"*41"*42

$GFCER*55

$GFDTA,     7.0,97,3.0,16380,2019/01/22 16:06:56, CH4AB-1047,1*41

$GFCMD,"*41"*42"*46

$GFCER*55

$GFDTA,     7.0,97,3.0,16380,2019/01/22 16:06:58, CH4AB-1047,1*4F

$GFCMD,"*42"*46"*41

$GFCER*55

$GFDTA,     7.0,97,3.0,16380,2019/01/22 16:07:00, CH4AB-1047,1*43

$GFCMD,"*46"*41"*42

$GFCER*55

$GFDTA,     7.0,97,3.0,16380,2019/01/22 16:07:01, CH4AB-1047,1*42

$GFCMD,"*41"*42"*46

$GFCER*55

$GFDTA,     6.9,97,3.0,16380,2019/01/22 16:07:03, CH4AB-1047,1*48

$GFCMD,"*42"*46"*41

$GFCER*55

$GFDTA,     7.0,97,3.0,16380,2019/01/22 16:07:05, CH4AB-1047,1*46

$GFCMD,"*46"*41"*42

$GFCER*55

$GFDTA,     7.0,97,3.0,16380,2019/01/22 16:07:06, CH4AB-1047,1*45

$GFCMD,"*41"*42"*46

$GFCER*55

$GFDTA,     7.0,97,3.0,16380,2019/01/22 16:07:08, CH4AB-1047,1*4B

$GFCMD,"*42"*46"*41

$GFCER*55

$GFDTA,     7.0,97,3.0,16380,2019/01/22 16:07:09, CH4AB-1047,1*4A

$GFCMD,"*46"*41"*42

$GFCER*55

$GFDTA,     7.0,97,3.0,16380,2019/01/22 16:07:11, CH4AB-1047,1*43

$GFCMD,"*41"*42"*46

$GFCER*55

$GFDTA,     7.0,97,3.0,16380,2019/01/22 16:07:13, CH4AB-1047,1*41

$GFCMD,"*42"*46"*41

$GFCER*55

$GFDTA,     7.0,97,3.0,16380,2019/01/22 16:07:14, CH4AB-1047,1*46

$GFCMD,"*46"*41"*42

$GFCER*55

$GFDTA,     7.0,97,3.0,16380,2019/01/22 16:07:16, CH4AB-1047,1*44

$GFCMD,"*41"*42"*46

$GFCER*55

$GFDTA,     6.9,97,3.0,16380,2019/01/22 16:07:18, CH4AB-1047,1*42

$GFCMD,"*42"*46"*41

$GFCER*55

$GFDTA,     6.9,97,3.0,16380,2019/01/22 16:07:19, CH4AB-1047,1*43

$GFCMD,"*46"*41"*42

$GFCER*55

$GFDTA,     6.9,96,3.0,16380,2019/01/22 16:07:21, CH4AB-1047,1*49

$GFCMD,"*41"*42"*46

$GFCER*55

$GFDTA,     6.9,97,3.0,16380,2019/01/22 16:07:22, CH4AB-1047,1*4B

$GFCMD,"*42"*46"*41

$GFCER*55

$GFDTA,     6.9,97,3.0,16380,2019/01/22 16:07:24, CH4AB-1047,1*4D

$GFCMD,"*46"*41"*42

$GFCER*55

$GFDTA,     6.9,97,3.0,16380,2019/01/22 16:07:26, CH4AB-1047,1*4F

$GFCMD,"*41"*42"*46

$GFCER*55

$GFDTA,     6.9,97,3.0,16380,2019/01/22 16:07:27, CH4AB-1047,1*4E

$GFCMD,"*42"*46"*41

$GFCER*55

$GFDTA,     6.9,97,3.0,16380,2019/01/22 16:07:29, CH4AB-1047,1*40

$GFCMD,"*46"*41"*42

$GFCER*55

$GFDTA,     6.9,97,3.0,16380,2019/01/22 16:07:30, CH4AB-1047,1*48

$GFCMD,"*41"*42"*46

$GFCER*55

$GFDTA,     6.9,97,3.0,16380,2019/01/22 16:07:32, CH4AB-1047,1*4A

$GFCMD,"*42"*46"*41

$GFCER*55

$GFDTA,     6.9,97,3.0,16380,2019/01/22 16:07:34, CH4AB-1047,1*4C

$GFCMD,"*46"*41"*42

$GFCER*55

$GFDTA,     6.9,97,3.0,16380,2019/01/22 16:07:35, CH4AB-1047,1*4D

$GFCMD,"*41"*42"*46

$GFCER*55

$GFDTA,     6.9,97,3.0,16380,2019/01/22 16:07:37, CH4AB-1047,1*4F

$GFCMD,"*42"*46"*41

$GFCER*55

$GFDTA,     6.9,97,3.0,16380,2019/01/22 16:07:39, CH4AB-1047,1*41

$GFCMD,"*46"*41"*42

$GFCER*55

$GFDTA,     6.9,97,3.0,16380,2019/01/22 16:07:40, CH4AB-1047,1*4F

$GFCMD,"*41"*42"*46

$GFCER*55

$GFDTA,     6.9,97,3.0,16380,2019/01/22 16:07:42, CH4AB-1047,1*4D

$GFCMD,"*42"*46"*41

$GFCER*55

$GFDTA,     6.9,97,3.0,16380,2019/01/22 16:07:43, CH4AB-1047,1*4C

$GFCMD,"*46"*41"*42

$GFCER*55

$GFDTA,     6.9,97,3.0,16380,2019/01/22 16:07:45, CH4AB-1047,1*4A

$GFCMD,"*41"*42"*46

$GFCER*55

$GFDTA,     6.9,97,3.0,16380,2019/01/22 16:07:47, CH4AB-1047,1*48

$GFCMD,"*42"*46"*41

$GFCER*55

$GFDTA,     6.9,97,3.0,16380,2019/01/22 16:07:48, CH4AB-1047,1*47

$GFCMD,"*46"*41"*42

$GFCER*55

$GFDTA,     6.9,98,3.0,16380,2019/01/22 16:07:50, CH4AB-1047,1*41

$GFCMD,"*41"*42"*46

$GFCER*55

$GFDTA,     6.9,98,3.0,16380,2019/01/22 16:07:52, CH4AB-1047,1*43

$GFCMD,"*42"*46"*41

$GFCER*55

$GFDTA,     6.9,98,3.0,16380,2019/01/22 16:07:53, CH4AB-1047,1*42

$GFCMD,"*46"*41"*42

$GFCER*55

$GFDTA,     7.0,98,3.0,16380,2019/01/22 16:07:55, CH4AB-1047,1*4C

$GFCMD,"*41"*42"*46

$GFCER*55

$GFDTA,     6.9,97,3.0,16380,2019/01/22 16:07:56, CH4AB-1047,1*48

$GFCMD,"*42"*46"*41

$GFCER*55

$GFDTA,     7.0,98,3.0,16380,2019/01/22 16:07:58, CH4AB-1047,1*41

$GFCMD,"*46"*41"*42

$GFCER*55

$GFDTA,     7.0,98,3.0,16380,2019/01/22 16:08:00, CH4AB-1047,1*43

$GFCMD,"*41"*42"*46

$GFCER*55

$GFDTA,     7.0,98,3.0,16380,2019/01/22 16:08:01, CH4AB-1047,1*42

$GFCMD,"*42"*46"*41

$GFCER*55

$GFDTA,     7.0,97,3.0,16380,2019/01/22 16:08:03, CH4AB-1047,1*4F

$GFCMD,"*46"*41"*42

$GFCER*55

$GFDBG,  38.4, 684, 9886, 98, 0, 1390,  0.00, 0, 2, 0, 101325, 20*74

$GFDTA,     6.9,98,3.0,16380,2019/01/22 16:08:07, CH4AB-1047,1*4C

$GFCMD,"*41"*42"*46

$GFCER*55

$GFDTA,     6.9,98,3.0,16380,2019/01/22 16:08:08, CH4AB-1047,1*43

$GFCMD,"*42"*46"*41

$GFCER*55

$GFDTA,     6.9,98,3.0,16380,2019/01/22 16:08:10, CH4AB-1047,1*4A

$GFCMD,"*46"*41"*42

$GFCER*55

$GFDTA,     6.9,98,3.0,16380,2019/01/22 16:08:12, CH4AB-1047,1*48

$GFCMD,"*41"*42"*46

$GFCER*55

$GFDTA,     6.9,98,3.0,16380,2019/01/22 16:08:13, CH4AB-1047,1*49

$GFCMD,"*42"*46"*41

$GFCER*55

$GFDTA,     6.9,97,3.0,16380,2019/01/22 16:08:15, CH4AB-1047,1*40

$GFCMD,"*46"*41"*42

$GFCER*55

$GFDTA,     6.9,97,3.0,16380,2019/01/22 16:08:17, CH4AB-1047,1*42

$GFCMD,"*41"*42"*46

$GFCER*55

$GFDTA,     6.9,98,3.0,16380,2019/01/22 16:08:18, CH4AB-1047,1*42

$GFCMD,"*42"*46"*41

$GFCER*55

$GFDTA,     6.9,98,3.0,16380,2019/01/22 16:08:20, CH4AB-1047,1*49

$GFCMD,"*46"*41"*42

$GFCER*55

$GFDTA,     6.9,97,3.0,16380,2019/01/22 16:08:21, CH4AB-1047,1*47

$GFCMD,"*41"*42"*46

$GFCER*55

$GFDTA,     6.9,97,3.0,16380,2019/01/22 16:08:23, CH4AB-1047,1*45

$GFCMD,"*42"*46"*41

$GFCER*55

